<?xml version="1.0" encoding="UTF-8"?>
<!-- Generated by org.testng.reporters.JUnitReportReporter -->
<testsuite skipped="0" hostname="LTIN235512" name="com.becognizant.verify.verifytracker" tests="12" failures="0" timestamp="2022-01-25T11:20:10 IST" time="288.295" errors="0">
  <testcase name="url" time="44.997" classname="com.becognizant.verify.verifytracker"/>
  <system-out/>
  <testcase name="url" time="52.514" classname="com.becognizant.verify.verifytracker"/>
  <system-out/>
  <testcase name="url" time="29.123" classname="com.becognizant.verify.verifytracker"/>
  <system-out/>
  <testcase name="validation" time="0.006" classname="com.becognizant.verify.verifytracker"/>
  <system-out/>
  <testcase name="validation" time="0.019" classname="com.becognizant.verify.verifytracker"/>
  <system-out/>
  <testcase name="validation" time="0.014" classname="com.becognizant.verify.verifytracker"/>
  <system-out/>
  <testcase name="Search" time="6.184" classname="com.becognizant.verify.verifytracker"/>
  <system-out/>
  <testcase name="Search" time="6.053" classname="com.becognizant.verify.verifytracker"/>
  <system-out/>
  <testcase name="Search" time="5.702" classname="com.becognizant.verify.verifytracker"/>
  <system-out/>
  <testcase name="getholiday" time="48.839" classname="com.becognizant.verify.verifytracker"/>
  <system-out/>
  <testcase name="getholiday" time="48.528" classname="com.becognizant.verify.verifytracker"/>
  <system-out/>
  <testcase name="getholiday" time="46.316" classname="com.becognizant.verify.verifytracker"/>
  <system-out/>
</testsuite> <!-- com.becognizant.verify.verifytracker -->
